0 info it worked if it ends with ok
1 verbose cli [ 'C:\\Program Files\\nodejs\\node.exe',
1 verbose cli   'C:\\Program Files\\nodejs\\node_modules\\npm\\bin\\npm-cli.js',
1 verbose cli   'install',
1 verbose cli   '--save',
1 verbose cli   'expressValidator' ]
2 info using npm@2.15.11
3 info using node@v4.8.1
4 verbose install initial load of C:\Users\Abdullah Shafi\Desktop\B\node\complete-mvc\package.json
5 warn package.json expressjs@1.0.0 No description
6 warn package.json expressjs@1.0.0 No repository field.
7 warn package.json expressjs@1.0.0 No README data
8 verbose installManyTop reading scoped package data from C:\Users\Abdullah Shafi\Desktop\B\node\complete-mvc\node_modules\body-parser\package.json
9 verbose installManyTop reading scoped package data from C:\Users\Abdullah Shafi\Desktop\B\node\complete-mvc\node_modules\cookie-parser\package.json
10 verbose installManyTop reading scoped package data from C:\Users\Abdullah Shafi\Desktop\B\node\complete-mvc\node_modules\ejs\package.json
11 verbose installManyTop reading scoped package data from C:\Users\Abdullah Shafi\Desktop\B\node\complete-mvc\node_modules\express\package.json
12 verbose installManyTop reading scoped package data from C:\Users\Abdullah Shafi\Desktop\B\node\complete-mvc\node_modules\express-session\package.json
13 verbose installManyTop reading scoped package data from C:\Users\Abdullah Shafi\Desktop\B\node\complete-mvc\node_modules\express-validator\package.json
14 verbose installManyTop reading scoped package data from C:\Users\Abdullah Shafi\Desktop\B\node\complete-mvc\node_modules\mysql\package.json
15 verbose installManyTop reading scoped package data from C:\Users\Abdullah Shafi\Desktop\B\node\complete-mvc\node_modules\save\package.json
16 verbose readDependencies loading dependencies from C:\Users\Abdullah Shafi\Desktop\B\node\complete-mvc\package.json
17 silly cache add args [ 'expressValidator', null ]
18 verbose cache add spec expressValidator
19 silly cache add parsed spec Result {
19 silly cache add   raw: 'expressValidator',
19 silly cache add   scope: null,
19 silly cache add   name: 'expressValidator',
19 silly cache add   rawSpec: '',
19 silly cache add   spec: 'latest',
19 silly cache add   type: 'tag' }
20 silly addNamed expressValidator@latest
21 verbose addNamed "latest" is being treated as a dist-tag for expressValidator
22 info addNameTag [ 'expressValidator', 'latest' ]
23 silly mapToRegistry name expressValidator
24 silly mapToRegistry using default registry
25 silly mapToRegistry registry https://registry.npmjs.org/
26 silly mapToRegistry data Result {
26 silly mapToRegistry   raw: 'expressValidator',
26 silly mapToRegistry   scope: null,
26 silly mapToRegistry   name: 'expressValidator',
26 silly mapToRegistry   rawSpec: '',
26 silly mapToRegistry   spec: 'latest',
26 silly mapToRegistry   type: 'tag' }
27 silly mapToRegistry uri https://registry.npmjs.org/expressValidator
28 verbose addNameTag registry:https://registry.npmjs.org/expressValidator not in flight; fetching
29 verbose request uri https://registry.npmjs.org/expressValidator
30 verbose request no auth needed
31 info attempt registry request try #1 at 12:58:13 AM
32 verbose request id c5f28f03e98be519
33 http request GET https://registry.npmjs.org/expressValidator
34 http 404 https://registry.npmjs.org/expressValidator
35 verbose headers { date: 'Mon, 24 Feb 2020 18:58:14 GMT',
35 verbose headers   'content-type': 'application/json',
35 verbose headers   'content-length': '21',
35 verbose headers   connection: 'keep-alive',
35 verbose headers   'set-cookie': [ '__cfduid=dd935d20457c48b61a04b75e7c8a6c0561582570692; expires=Wed, 25-Mar-20 18:58:12 GMT; path=/; domain=.npmjs.org; HttpOnly; SameSite=Lax' ],
35 verbose headers   'cf-ray': '56a3ab6c0d07f44c-DAC',
35 verbose headers   vary: 'Accept-Encoding',
35 verbose headers   'cf-cache-status': 'EXPIRED',
35 verbose headers   'expect-ct': 'max-age=604800, report-uri="https://report-uri.cloudflare.com/cdn-cgi/beacon/expect-ct"',
35 verbose headers   server: 'cloudflare' }
36 silly get cb [ 404,
36 silly get   { date: 'Mon, 24 Feb 2020 18:58:14 GMT',
36 silly get     'content-type': 'application/json',
36 silly get     'content-length': '21',
36 silly get     connection: 'keep-alive',
36 silly get     'set-cookie': [ '__cfduid=dd935d20457c48b61a04b75e7c8a6c0561582570692; expires=Wed, 25-Mar-20 18:58:12 GMT; path=/; domain=.npmjs.org; HttpOnly; SameSite=Lax' ],
36 silly get     'cf-ray': '56a3ab6c0d07f44c-DAC',
36 silly get     vary: 'Accept-Encoding',
36 silly get     'cf-cache-status': 'EXPIRED',
36 silly get     'expect-ct': 'max-age=604800, report-uri="https://report-uri.cloudflare.com/cdn-cgi/beacon/expect-ct"',
36 silly get     server: 'cloudflare' } ]
37 verbose stack Error: Not found : expressValidator
37 verbose stack     at makeError (C:\Program Files\nodejs\node_modules\npm\node_modules\npm-registry-client\lib\request.js:302:12)
37 verbose stack     at CachingRegistryClient.<anonymous> (C:\Program Files\nodejs\node_modules\npm\node_modules\npm-registry-client\lib\request.js:290:14)
37 verbose stack     at Request._callback (C:\Program Files\nodejs\node_modules\npm\node_modules\npm-registry-client\lib\request.js:210:14)
37 verbose stack     at Request.self.callback (C:\Program Files\nodejs\node_modules\npm\node_modules\request\request.js:187:22)
37 verbose stack     at emitTwo (events.js:87:13)
37 verbose stack     at Request.emit (events.js:172:7)
37 verbose stack     at Request.<anonymous> (C:\Program Files\nodejs\node_modules\npm\node_modules\request\request.js:1044:10)
37 verbose stack     at emitOne (events.js:77:13)
37 verbose stack     at Request.emit (events.js:169:7)
37 verbose stack     at IncomingMessage.<anonymous> (C:\Program Files\nodejs\node_modules\npm\node_modules\request\request.js:965:12)
38 verbose statusCode 404
39 verbose pkgid expressValidator
40 verbose cwd C:\Users\Abdullah Shafi\Desktop\B\node\complete-mvc
41 error Windows_NT 10.0.18362
42 error argv "C:\\Program Files\\nodejs\\node.exe" "C:\\Program Files\\nodejs\\node_modules\\npm\\bin\\npm-cli.js" "install" "--save" "expressValidator"
43 error node v4.8.1
44 error npm  v2.15.11
45 error code E404
46 error 404 Not found : expressValidator
46 error 404
46 error 404 'expressValidator' is not in the npm registry.
46 error 404 Your package name is not valid, because
46 error 404
46 error 404  1. name can no longer contain capital letters
46 error 404 It was specified as a dependency of 'expressjs'
46 error 404
46 error 404 Note that you can also install from a
46 error 404 tarball, folder, http url, or git url.
47 verbose exit [ 1, true ]
